<?xml version="1.0" encoding="UTF-8"?>
<!-- Generated by org.testng.reporters.JUnitReportReporter -->
<testsuite skipped="0" hostname="Lydias-Air.home" name="com.qa.hubspot.tests.HomePageTest" tests="4" failures="0" timestamp="2020-07-23T20:18:24 EDT" time="2.408" errors="0">
  <testcase name="verifyHomePageTitleTest" time="0.276" classname="com.qa.hubspot.tests.HomePageTest"/>
  <system-out/>
  <testcase name="verifyHomePageTitleTest" time="0.195" classname="com.qa.hubspot.tests.HomePageTest"/>
  <system-out/>
  <testcase name="verifyHomePageHeaderTest" time="1.030" classname="com.qa.hubspot.tests.HomePageTest"/>
  <system-out/>
  <testcase name="verifyHomePageHeaderTest" time="0.907" classname="com.qa.hubspot.tests.HomePageTest"/>
  <system-out/>
</testsuite> <!-- com.qa.hubspot.tests.HomePageTest -->
