<?xml version="1.0" encoding="UTF-8"?>
<!-- Generated by org.testng.reporters.JUnitReportReporter -->
<testsuite skipped="1" hostname="Lydias-Air.home" name="com.qa.hubspot.tests.LoginPageTest" tests="4" failures="0" timestamp="2020-07-18T13:09:55 EDT" time="4.107" errors="0">
  <testcase name="verifyPageTitleTest" time="0.040" classname="com.qa.hubspot.tests.LoginPageTest"/>
  <system-out/>
  <testcase name="verifySignUpLink" time="0.869" classname="com.qa.hubspot.tests.LoginPageTest"/>
  <system-out/>
  <testcase name="loginTest" time="3.198" classname="com.qa.hubspot.tests.LoginPageTest"/>
  <system-out/>
  <testcase name="login_invalidTestCases" classname="com.qa.hubspot.tests.LoginPageTest">
    <skipped/>
  </testcase> <!-- login_invalidTestCases -->
  <system-out/>
</testsuite> <!-- com.qa.hubspot.tests.LoginPageTest -->
