<?xml version="1.0" encoding="UTF-8"?>
<!-- Generated by org.testng.reporters.JUnitReportReporter -->
<testsuite skipped="0" hostname="Lydias-Air.home" name="com.qa.hubspot.tests.HomePageTest" tests="2" failures="0" timestamp="2020-07-18T13:09:55 EDT" time="1.024" errors="0">
  <testcase name="verifyHomePageTitleTest" time="0.045" classname="com.qa.hubspot.tests.HomePageTest"/>
  <system-out/>
  <testcase name="verifyHomePageHeaderTest" time="0.979" classname="com.qa.hubspot.tests.HomePageTest"/>
  <system-out/>
</testsuite> <!-- com.qa.hubspot.tests.HomePageTest -->
